0 info it worked if it ends with ok
1 verbose cli [ '/home/delink/.nvm/versions/node/v7.4.0/bin/node',
1 verbose cli   '/home/delink/.nvm/versions/node/v7.4.0/bin/npm',
1 verbose cli   'install' ]
2 info using npm@4.0.5
3 info using node@v7.4.0
4 silly loadCurrentTree Starting
5 silly install loadCurrentTree
6 silly install readLocalPackageData
7 silly install normalizeTree
8 silly loadCurrentTree Finishing
9 silly loadIdealTree Starting
10 silly install loadIdealTree
11 silly cloneCurrentTree Starting
12 silly install cloneCurrentTreeToIdealTree
13 silly cloneCurrentTree Finishing
14 silly loadShrinkwrap Starting
15 silly install loadShrinkwrap
16 silly loadShrinkwrap Finishing
17 silly loadAllDepsIntoIdealTree Starting
18 silly install loadAllDepsIntoIdealTree
19 silly fetchNamedPackageData concat
20 silly mapToRegistry name concat
21 silly mapToRegistry using default registry
22 silly mapToRegistry registry https://registry.npmjs.org/
23 silly mapToRegistry data Result {
23 silly mapToRegistry   raw: 'concat',
23 silly mapToRegistry   scope: null,
23 silly mapToRegistry   escapedName: 'concat',
23 silly mapToRegistry   name: 'concat',
23 silly mapToRegistry   rawSpec: '',
23 silly mapToRegistry   spec: 'latest',
23 silly mapToRegistry   type: 'tag' }
24 silly mapToRegistry uri https://registry.npmjs.org/concat
25 verbose request uri https://registry.npmjs.org/concat
26 verbose request no auth needed
27 info attempt registry request try #1 at 10:27:13 AM
28 verbose request id c38f8c1277ed8e8b
29 http request GET https://registry.npmjs.org/concat
30 http 200 https://registry.npmjs.org/concat
31 verbose headers { server: 'nginx/1.10.1',
31 verbose headers   'content-type': 'application/json',
31 verbose headers   'last-modified': 'Sat, 22 Apr 2017 17:11:41 GMT',
31 verbose headers   etag: 'W/"58fb8ecd-52eb"',
31 verbose headers   'content-encoding': 'gzip',
31 verbose headers   'cache-control': 'max-age=300',
31 verbose headers   'content-length': '3424',
31 verbose headers   'accept-ranges': 'bytes',
31 verbose headers   date: 'Mon, 29 May 2017 07:29:41 GMT',
31 verbose headers   via: '1.1 varnish',
31 verbose headers   age: '0',
31 verbose headers   connection: 'keep-alive',
31 verbose headers   'x-served-by': 'cache-lhr6324-LHR',
31 verbose headers   'x-cache': 'MISS',
31 verbose headers   'x-cache-hits': '0',
31 verbose headers   'x-timer': 'S1496042982.809979,VS0,VE50',
31 verbose headers   vary: 'Accept-Encoding' }
32 silly get cb [ 200,
32 silly get   { server: 'nginx/1.10.1',
32 silly get     'content-type': 'application/json',
32 silly get     'last-modified': 'Sat, 22 Apr 2017 17:11:41 GMT',
32 silly get     etag: 'W/"58fb8ecd-52eb"',
32 silly get     'content-encoding': 'gzip',
32 silly get     'cache-control': 'max-age=300',
32 silly get     'content-length': '3424',
32 silly get     'accept-ranges': 'bytes',
32 silly get     date: 'Mon, 29 May 2017 07:29:41 GMT',
32 silly get     via: '1.1 varnish',
32 silly get     age: '0',
32 silly get     connection: 'keep-alive',
32 silly get     'x-served-by': 'cache-lhr6324-LHR',
32 silly get     'x-cache': 'MISS',
32 silly get     'x-cache-hits': '0',
32 silly get     'x-timer': 'S1496042982.809979,VS0,VE50',
32 silly get     vary: 'Accept-Encoding' } ]
33 verbose get saving concat to /home/delink/.npm/registry.npmjs.org/concat/.cache.json
34 verbose correctMkdir /home/delink/.npm correctMkdir not in flight; initializing
35 silly resolveWithNewModule concat@0.0.1-security checking installable status
36 silly cache add args [ 'concat@0.0.1-security', null ]
37 verbose cache add spec concat@0.0.1-security
38 silly cache add parsed spec Result {
38 silly cache add   raw: 'concat@0.0.1-security',
38 silly cache add   scope: null,
38 silly cache add   escapedName: 'concat',
38 silly cache add   name: 'concat',
38 silly cache add   rawSpec: '0.0.1-security',
38 silly cache add   spec: '0.0.1-security',
38 silly cache add   type: 'version' }
39 silly addNamed concat@0.0.1-security
40 verbose addNamed "0.0.1-security" is a plain semver version for concat
41 silly mapToRegistry name concat
42 silly mapToRegistry using default registry
43 silly mapToRegistry registry https://registry.npmjs.org/
44 silly mapToRegistry data Result {
44 silly mapToRegistry   raw: 'concat',
44 silly mapToRegistry   scope: null,
44 silly mapToRegistry   escapedName: 'concat',
44 silly mapToRegistry   name: 'concat',
44 silly mapToRegistry   rawSpec: '',
44 silly mapToRegistry   spec: 'latest',
44 silly mapToRegistry   type: 'tag' }
45 silly mapToRegistry uri https://registry.npmjs.org/concat
46 verbose addNameVersion registry:https://registry.npmjs.org/concat not in flight; fetching
47 verbose get https://registry.npmjs.org/concat not expired, no request
48 silly mapToRegistry name concat
49 silly mapToRegistry using default registry
50 silly mapToRegistry registry https://registry.npmjs.org/
51 silly mapToRegistry data Result {
51 silly mapToRegistry   raw: 'concat',
51 silly mapToRegistry   scope: null,
51 silly mapToRegistry   escapedName: 'concat',
51 silly mapToRegistry   name: 'concat',
51 silly mapToRegistry   rawSpec: '',
51 silly mapToRegistry   spec: 'latest',
51 silly mapToRegistry   type: 'tag' }
52 silly mapToRegistry uri https://registry.npmjs.org/concat
53 verbose addRemoteTarball https://registry.npmjs.org/concat/-/concat-0.0.1-security.tgz not in flight; adding
54 verbose addRemoteTarball [ 'https://registry.npmjs.org/concat/-/concat-0.0.1-security.tgz',
54 verbose addRemoteTarball   '323044350b0fd6e8ce6c8e0c0807a9b0bb2d920d' ]
55 info retry fetch attempt 1 at 10:27:18 AM
56 info attempt registry request try #1 at 10:27:18 AM
57 http fetch GET https://registry.npmjs.org/concat/-/concat-0.0.1-security.tgz
58 http fetch 200 https://registry.npmjs.org/concat/-/concat-0.0.1-security.tgz
59 silly fetchAndShaCheck shasum 323044350b0fd6e8ce6c8e0c0807a9b0bb2d920d
60 verbose addTmpTarball /tmp/npm-3298-56afac6c/registry.npmjs.org/concat/-/concat-0.0.1-security.tgz not in flight; adding
61 verbose addTmpTarball already have metadata; skipping unpack for concat@0.0.1-security
62 verbose correctMkdir /home/delink/.npm correctMkdir not in flight; initializing
63 silly cache afterAdd concat@0.0.1-security
64 verbose afterAdd /home/delink/.npm/concat/0.0.1-security/package/package.json not in flight; writing
65 verbose correctMkdir /home/delink/.npm correctMkdir not in flight; initializing
66 verbose afterAdd /home/delink/.npm/concat/0.0.1-security/package/package.json written
67 silly fetchNamedPackageData fsevents
68 silly mapToRegistry name fsevents
69 silly mapToRegistry using default registry
70 silly mapToRegistry registry https://registry.npmjs.org/
71 silly mapToRegistry data Result {
71 silly mapToRegistry   raw: 'fsevents',
71 silly mapToRegistry   scope: null,
71 silly mapToRegistry   escapedName: 'fsevents',
71 silly mapToRegistry   name: 'fsevents',
71 silly mapToRegistry   rawSpec: '',
71 silly mapToRegistry   spec: 'latest',
71 silly mapToRegistry   type: 'tag' }
72 silly mapToRegistry uri https://registry.npmjs.org/fsevents
73 verbose request uri https://registry.npmjs.org/fsevents
74 verbose request no auth needed
75 info attempt registry request try #1 at 10:27:19 AM
76 verbose etag W/"591c7655-d5f5"
77 verbose lastModified Wed, 17 May 2017 16:12:05 GMT
78 http request GET https://registry.npmjs.org/fsevents
79 http 200 https://registry.npmjs.org/fsevents
80 verbose headers { server: 'nginx/1.10.1',
80 verbose headers   'content-type': 'application/json',
80 verbose headers   'last-modified': 'Wed, 24 May 2017 02:57:52 GMT',
80 verbose headers   etag: 'W/"5924f6b0-d606"',
80 verbose headers   'content-encoding': 'gzip',
80 verbose headers   'cache-control': 'max-age=300',
80 verbose headers   'content-length': '6687',
80 verbose headers   'accept-ranges': 'bytes',
80 verbose headers   date: 'Mon, 29 May 2017 07:29:42 GMT',
80 verbose headers   via: '1.1 varnish',
80 verbose headers   age: '235',
80 verbose headers   connection: 'keep-alive',
80 verbose headers   'x-served-by': 'cache-lhr6324-LHR',
80 verbose headers   'x-cache': 'HIT',
80 verbose headers   'x-cache-hits': '549',
80 verbose headers   'x-timer': 'S1496042983.769232,VS0,VE0',
80 verbose headers   vary: 'Accept-Encoding' }
81 silly get cb [ 200,
81 silly get   { server: 'nginx/1.10.1',
81 silly get     'content-type': 'application/json',
81 silly get     'last-modified': 'Wed, 24 May 2017 02:57:52 GMT',
81 silly get     etag: 'W/"5924f6b0-d606"',
81 silly get     'content-encoding': 'gzip',
81 silly get     'cache-control': 'max-age=300',
81 silly get     'content-length': '6687',
81 silly get     'accept-ranges': 'bytes',
81 silly get     date: 'Mon, 29 May 2017 07:29:42 GMT',
81 silly get     via: '1.1 varnish',
81 silly get     age: '235',
81 silly get     connection: 'keep-alive',
81 silly get     'x-served-by': 'cache-lhr6324-LHR',
81 silly get     'x-cache': 'HIT',
81 silly get     'x-cache-hits': '549',
81 silly get     'x-timer': 'S1496042983.769232,VS0,VE0',
81 silly get     vary: 'Accept-Encoding' } ]
82 verbose get saving fsevents to /home/delink/.npm/registry.npmjs.org/fsevents/.cache.json
83 verbose correctMkdir /home/delink/.npm correctMkdir not in flight; initializing
84 silly resolveWithNewModule fsevents@1.1.1 checking installable status
85 silly loadAllDepsIntoIdealTree Finishing
86 silly loadIdealTree Finishing
87 silly currentTree gitapi@1.0.0
87 silly currentTree ├── abbrev@1.0.9
87 silly currentTree ├── accepts@1.3.3
87 silly currentTree ├─┬ acorn-jsx@3.0.1
87 silly currentTree │ └── acorn@3.3.0
87 silly currentTree ├─┬ acorn-object-spread@1.0.0
87 silly currentTree │ └── acorn@3.3.0
87 silly currentTree ├── acorn@4.0.4
87 silly currentTree ├── after@0.8.1
87 silly currentTree ├── align-text@0.1.4
87 silly currentTree ├── amdefine@1.0.1
87 silly currentTree ├── ansi-regex@2.0.0
87 silly currentTree ├── ansi-styles@2.2.1
87 silly currentTree ├── anymatch@1.3.0
87 silly currentTree ├── aproba@1.0.4
87 silly currentTree ├── archy@1.0.0
87 silly currentTree ├── are-we-there-yet@1.1.2
87 silly currentTree ├── arr-diff@2.0.0
87 silly currentTree ├── arr-flatten@1.0.1
87 silly currentTree ├── array-differ@1.0.0
87 silly currentTree ├── array-filter@0.0.1
87 silly currentTree ├── array-find-index@1.0.2
87 silly currentTree ├── array-index@1.0.0
87 silly currentTree ├── array-map@0.0.0
87 silly currentTree ├── array-reduce@0.0.0
87 silly currentTree ├── array-union@1.0.2
87 silly currentTree ├── array-uniq@1.0.3
87 silly currentTree ├── array-unique@0.2.1
87 silly currentTree ├── arraybuffer.slice@0.0.6
87 silly currentTree ├── arrify@1.0.1
87 silly currentTree ├── asn1.js@4.9.1
87 silly currentTree ├── asn1@0.2.3
87 silly currentTree ├── assert-plus@0.2.0
87 silly currentTree ├── assert@1.4.1
87 silly currentTree ├─┬ astw@2.0.0
87 silly currentTree │ └── acorn@1.2.2
87 silly currentTree ├── async-each-series@0.1.1
87 silly currentTree ├── async-each@1.0.1
87 silly currentTree ├── async-foreach@0.1.3
87 silly currentTree ├── async@1.5.2
87 silly currentTree ├── asynckit@0.4.0
87 silly currentTree ├── atob@1.1.3
87 silly currentTree ├── aws-sign2@0.6.0
87 silly currentTree ├── aws4@1.5.0
87 silly currentTree ├── backo2@1.0.2
87 silly currentTree ├── balanced-match@0.4.2
87 silly currentTree ├── base64-arraybuffer@0.1.5
87 silly currentTree ├── base64-js@1.2.0
87 silly currentTree ├── base64id@0.1.0
87 silly currentTree ├── batch@0.5.3
87 silly currentTree ├── bcrypt-pbkdf@1.0.0
87 silly currentTree ├── beeper@1.1.1
87 silly currentTree ├── better-assert@1.0.2
87 silly currentTree ├── binary-extensions@1.8.0
87 silly currentTree ├── blob@0.0.4
87 silly currentTree ├── block-stream@0.0.9
87 silly currentTree ├── bn.js@4.11.6
87 silly currentTree ├── boom@2.10.1
87 silly currentTree ├─┬ bower-config@1.4.0
87 silly currentTree │ └── graceful-fs@4.1.11
87 silly currentTree ├─┬ bower-files@3.14.1
87 silly currentTree │ ├── camelcase@3.0.0
87 silly currentTree │ ├── minimatch@3.0.3
87 silly currentTree │ ├── object-assign@4.1.0
87 silly currentTree │ ├── yargs-parser@3.2.0
87 silly currentTree │ └── yargs@5.0.0
87 silly currentTree ├── brace-expansion@1.1.6
87 silly currentTree ├── braces@1.8.5
87 silly currentTree ├── brorand@1.0.6
87 silly currentTree ├── browser-pack@6.0.2
87 silly currentTree ├─┬ browser-resolve@1.11.2
87 silly currentTree │ └── resolve@1.1.7
87 silly currentTree ├── browser-sync-client@2.4.4
87 silly currentTree ├── browser-sync-ui@0.6.2
87 silly currentTree ├─┬ browser-sync@2.18.6
87 silly currentTree │ ├── camelcase@3.0.0
87 silly currentTree │ ├── qs@6.2.1
87 silly currentTree │ ├── yargs-parser@4.2.1
87 silly currentTree │ └── yargs@6.4.0
87 silly currentTree ├── browserify-aes@1.0.6
87 silly currentTree ├── browserify-cipher@1.0.0
87 silly currentTree ├── browserify-des@1.0.0
87 silly currentTree ├── browserify-rsa@4.0.1
87 silly currentTree ├── browserify-sign@4.0.0
87 silly currentTree ├── browserify-zlib@0.1.4
87 silly currentTree ├─┬ browserify@13.3.0
87 silly currentTree │ ├── duplexer2@0.1.4
87 silly currentTree │ ├── glob@7.1.1
87 silly currentTree │ ├── isarray@1.0.0
87 silly currentTree │ ├── minimatch@3.0.3
87 silly currentTree │ └── readable-stream@2.2.2
87 silly currentTree ├── bs-recipes@1.3.4
87 silly currentTree ├─┬ buble@0.12.5
87 silly currentTree │ └── acorn@3.3.0
87 silly currentTree ├─┬ bubleify@0.5.1
87 silly currentTree │ └── object-assign@4.1.0
87 silly currentTree ├── buffer-shims@1.0.0
87 silly currentTree ├── buffer-xor@1.0.3
87 silly currentTree ├─┬ buffer@4.9.1
87 silly currentTree │ └── isarray@1.0.0
87 silly currentTree ├── builtin-modules@1.1.1
87 silly currentTree ├── builtin-status-codes@3.0.0
87 silly currentTree ├── cached-path-relative@1.0.0
87 silly currentTree ├── callsite@1.0.0
87 silly currentTree ├── camelcase-keys@2.1.0
87 silly currentTree ├── camelcase@2.1.1
87 silly currentTree ├── caseless@0.11.0
87 silly currentTree ├── center-align@0.1.3
87 silly currentTree ├── chalk@1.1.3
87 silly currentTree ├── chokidar@1.6.1
87 silly currentTree ├── cipher-base@1.0.3
87 silly currentTree ├── cliui@3.2.0
87 silly currentTree ├── clone-buffer@1.0.0
87 silly currentTree ├── clone-stats@0.0.1
87 silly currentTree ├── clone@1.0.2
87 silly currentTree ├── cloneable-readable@1.0.0
87 silly currentTree ├── code-point-at@1.1.0
87 silly currentTree ├─┬ combine-source-map@0.7.2
87 silly currentTree │ └── convert-source-map@1.1.3
87 silly currentTree ├── combined-stream@1.0.5
87 silly currentTree ├── commander@2.9.0
87 silly currentTree ├── component-bind@1.0.0
87 silly currentTree ├── component-emitter@1.1.2
87 silly currentTree ├── component-inherit@0.0.3
87 silly currentTree ├── concat-map@0.0.1
87 silly currentTree ├─┬ concat-stream@1.5.2
87 silly currentTree │ ├── isarray@1.0.0
87 silly currentTree │ └── readable-stream@2.0.6
87 silly currentTree ├── concat-with-sourcemaps@1.0.4
87 silly currentTree ├── connect-history-api-fallback@1.3.0
87 silly currentTree ├─┬ connect@3.5.0
87 silly currentTree │ ├── debug@2.2.0
87 silly currentTree │ └── ms@0.7.1
87 silly currentTree ├── console-browserify@1.1.0
87 silly currentTree ├── console-control-strings@1.1.0
87 silly currentTree ├── constants-browserify@1.0.0
87 silly currentTree ├── convert-source-map@1.3.0
87 silly currentTree ├── cookie@0.3.1
87 silly currentTree ├── core-util-is@1.0.2
87 silly currentTree ├── create-ecdh@4.0.0
87 silly currentTree ├── create-hash@1.1.2
87 silly currentTree ├── create-hmac@1.1.4
87 silly currentTree ├─┬ cross-spawn@3.0.1
87 silly currentTree │ └── lru-cache@4.0.2
87 silly currentTree ├── cryptiles@2.0.5
87 silly currentTree ├── crypto-browserify@3.11.0
87 silly currentTree ├─┬ css@2.2.1
87 silly currentTree │ └── source-map@0.1.43
87 silly currentTree ├── currently-unhandled@0.4.1
87 silly currentTree ├── d@0.1.1
87 silly currentTree ├─┬ dashdash@1.14.1
87 silly currentTree │ └── assert-plus@1.0.0
87 silly currentTree ├── date-now@0.1.4
87 silly currentTree ├── dateformat@2.0.0
87 silly currentTree ├─┬ debug-fabulous@0.0.4
87 silly currentTree │ └── object-assign@4.1.0
87 silly currentTree ├── debug@2.6.0
87 silly currentTree ├── decamelize@1.2.0
87 silly currentTree ├── defaults@1.0.3
87 silly currentTree ├── defined@1.0.0
87 silly currentTree ├─┬ del@2.2.2
87 silly currentTree │ ├── glob@7.1.1
87 silly currentTree │ ├── globby@5.0.0
87 silly currentTree │ ├── minimatch@3.0.3
87 silly currentTree │ └── object-assign@4.1.0
87 silly currentTree ├── delayed-stream@1.0.0
87 silly currentTree ├── delegates@1.0.0
87 silly currentTree ├── depd@1.1.0
87 silly currentTree ├── deprecate@1.0.0
87 silly currentTree ├── deprecated@0.0.1
87 silly currentTree ├── deps-sort@2.0.0
87 silly currentTree ├── des.js@1.0.0
87 silly currentTree ├── destroy@1.0.4
87 silly currentTree ├── detect-file@0.1.0
87 silly currentTree ├── detect-newline@2.1.0
87 silly currentTree ├─┬ detective@4.3.2
87 silly currentTree │ └── acorn@3.3.0
87 silly currentTree ├── dev-ip@1.0.1
87 silly currentTree ├── diffie-hellman@5.0.2
87 silly currentTree ├── domain-browser@1.1.7
87 silly currentTree ├── duplexer2@0.0.2
87 silly currentTree ├─┬ easy-extender@2.3.2
87 silly currentTree │ └── lodash@3.10.1
87 silly currentTree ├── eazy-logger@3.0.2
87 silly currentTree ├── ecc-jsbn@0.1.1
87 silly currentTree ├── ee-first@1.1.1
87 silly currentTree ├── elliptic@6.3.2
87 silly currentTree ├── emitter-steward@1.0.0
87 silly currentTree ├── encodeurl@1.0.1
87 silly currentTree ├── end-of-stream@0.1.5
87 silly currentTree ├─┬ engine.io-client@1.8.0
87 silly currentTree │ ├── component-emitter@1.2.1
87 silly currentTree │ └── debug@2.3.3
87 silly currentTree ├─┬ engine.io-parser@1.3.1
87 silly currentTree │ └── has-binary@0.1.6
87 silly currentTree ├─┬ engine.io@1.8.0
87 silly currentTree │ └── debug@2.3.3
87 silly currentTree ├── error-ex@1.3.0
87 silly currentTree ├── es5-ext@0.10.12
87 silly currentTree ├── es6-iterator@2.0.0
87 silly currentTree ├── es6-symbol@3.1.0
87 silly currentTree ├── escape-html@1.0.3
87 silly currentTree ├── escape-string-regexp@1.0.5
87 silly currentTree ├── etag@1.7.0
87 silly currentTree ├── eventemitter3@1.2.0
87 silly currentTree ├── events@1.1.1
87 silly currentTree ├── evp_bytestokey@1.0.0
87 silly currentTree ├── expand-brackets@0.1.5
87 silly currentTree ├── expand-range@1.8.2
87 silly currentTree ├── expand-tilde@1.2.2
87 silly currentTree ├─┬ express@2.5.11
87 silly currentTree │ ├── connect@1.9.2
87 silly currentTree │ ├── mkdirp@0.3.0
87 silly currentTree │ └── qs@0.4.2
87 silly currentTree ├── extend@3.0.0
87 silly currentTree ├── extglob@0.3.2
87 silly currentTree ├── extsprintf@1.0.2
87 silly currentTree ├── fancy-log@1.3.0
87 silly currentTree ├── filename-regex@2.0.0
87 silly currentTree ├── fill-range@2.2.3
87 silly currentTree ├─┬ finalhandler@0.5.0
87 silly currentTree │ ├── debug@2.2.0
87 silly currentTree │ └── ms@0.7.1
87 silly currentTree ├── find-index@0.1.1
87 silly currentTree ├── find-up@1.1.2
87 silly currentTree ├── findup-sync@0.4.3
87 silly currentTree ├── fined@1.0.2
87 silly currentTree ├── first-chunk-stream@1.0.0
87 silly currentTree ├── flagged-respawn@0.3.2
87 silly currentTree ├── for-in@0.1.6
87 silly currentTree ├── for-own@0.1.4
87 silly currentTree ├── forever-agent@0.6.1
87 silly currentTree ├── form-data@2.1.2
87 silly currentTree ├── formidable@1.0.17
87 silly currentTree ├── fresh@0.3.0
87 silly currentTree ├── fs-exists-sync@0.1.0
87 silly currentTree ├─┬ fs-extra@1.0.0
87 silly currentTree │ └── graceful-fs@4.1.11
87 silly currentTree ├── fs.realpath@1.0.0
87 silly currentTree ├─┬ fstream@1.0.10
87 silly currentTree │ └── graceful-fs@4.1.11
87 silly currentTree ├── function-bind@1.1.0
87 silly currentTree ├─┬ gauge@2.6.0
87 silly currentTree │ └── object-assign@4.1.0
87 silly currentTree ├── gaze@0.5.2
87 silly currentTree ├── generate-function@2.0.0
87 silly currentTree ├── generate-object-property@1.2.0
87 silly currentTree ├── get-caller-file@1.0.2
87 silly currentTree ├── get-stdin@4.0.1
87 silly currentTree ├─┬ getpass@0.1.6
87 silly currentTree │ └── assert-plus@1.0.0
87 silly currentTree ├── glob-base@0.3.0
87 silly currentTree ├── glob-parent@2.0.0
87 silly currentTree ├─┬ glob-stream@3.1.18
87 silly currentTree │ ├── readable-stream@1.0.34
87 silly currentTree │ └── through2@0.6.5
87 silly currentTree ├── glob-watcher@0.0.6
87 silly currentTree ├── glob@4.5.3
87 silly currentTree ├── glob2base@0.0.12
87 silly currentTree ├── global-modules@0.2.3
87 silly currentTree ├── global-prefix@0.1.5
87 silly currentTree ├─┬ globby@6.1.0
87 silly currentTree │ ├── glob@7.1.1
87 silly currentTree │ ├── minimatch@3.0.3
87 silly currentTree │ └── object-assign@4.1.0
87 silly currentTree ├─┬ globule@0.1.0
87 silly currentTree │ ├── glob@3.1.21
87 silly currentTree │ ├── graceful-fs@1.2.3
87 silly currentTree │ ├── inherits@1.0.2
87 silly currentTree │ └── minimatch@0.2.14
87 silly currentTree ├── glogg@1.0.0
87 silly currentTree ├── graceful-fs@3.0.11
87 silly currentTree ├── graceful-readlink@1.0.1
87 silly currentTree ├─┬ gulp-concat@2.6.1
87 silly currentTree │ ├── clone-stats@1.0.0
87 silly currentTree │ ├── replace-ext@1.0.0
87 silly currentTree │ └── vinyl@2.0.1
87 silly currentTree ├── gulp-sass@3.0.0
87 silly currentTree ├─┬ gulp-sourcemaps@1.9.2
87 silly currentTree │ ├── graceful-fs@4.1.11
87 silly currentTree │ ├── strip-bom@2.0.0
87 silly currentTree │ └── vinyl@1.2.0
87 silly currentTree ├─┬ gulp-uglify@2.0.0
87 silly currentTree │ └── lodash@4.17.4
87 silly currentTree ├── gulp-util@3.0.8
87 silly currentTree ├── gulp@3.9.1
87 silly currentTree ├── gulplog@1.0.0
87 silly currentTree ├── har-validator@2.0.6
87 silly currentTree ├── has-ansi@2.0.0
87 silly currentTree ├── has-binary@0.1.7
87 silly currentTree ├── has-color@0.1.7
87 silly currentTree ├── has-cors@1.1.0
87 silly currentTree ├── has-gulplog@0.1.0
87 silly currentTree ├── has-unicode@2.0.1
87 silly currentTree ├── has@1.0.1
87 silly currentTree ├── hash.js@1.0.3
87 silly currentTree ├── hawk@3.1.3
87 silly currentTree ├── hoek@2.16.3
87 silly currentTree ├── homedir-polyfill@1.0.1
87 silly currentTree ├── hosted-git-info@2.1.5
87 silly currentTree ├── htmlescape@1.1.1
87 silly currentTree ├── http-errors@1.5.1
87 silly currentTree ├── http-proxy@1.15.2
87 silly currentTree ├── http-signature@1.1.1
87 silly currentTree ├── https-browserify@0.0.1
87 silly currentTree ├── ieee754@1.1.8
87 silly currentTree ├── immutable@3.8.1
87 silly currentTree ├── in-publish@2.0.0
87 silly currentTree ├── indent-string@2.1.0
87 silly currentTree ├── indexof@0.0.1
87 silly currentTree ├── inflight@1.0.6
87 silly currentTree ├── inherits@2.0.3
87 silly currentTree ├── ini@1.3.4
87 silly currentTree ├── inline-source-map@0.6.2
87 silly currentTree ├── insert-module-globals@7.0.1
87 silly currentTree ├── interpret@1.0.1
87 silly currentTree ├── invert-kv@1.0.0
87 silly currentTree ├── is-absolute@0.2.6
87 silly currentTree ├── is-arrayish@0.2.1
87 silly currentTree ├── is-binary-path@1.0.1
87 silly currentTree ├── is-buffer@1.1.4
87 silly currentTree ├── is-builtin-module@1.0.0
87 silly currentTree ├── is-dotfile@1.0.2
87 silly currentTree ├── is-equal-shallow@0.1.3
87 silly currentTree ├── is-extendable@0.1.1
87 silly currentTree ├── is-extglob@1.0.0
87 silly currentTree ├── is-finite@1.0.2
87 silly currentTree ├── is-fullwidth-code-point@1.0.0
87 silly currentTree ├── is-glob@2.0.1
87 silly currentTree ├── is-my-json-valid@2.15.0
87 silly currentTree ├── is-number-like@1.0.7
87 silly currentTree ├── is-number@2.1.0
87 silly currentTree ├── is-path-cwd@1.0.0
87 silly currentTree ├── is-path-in-cwd@1.0.0
87 silly currentTree ├── is-path-inside@1.0.0
87 silly currentTree ├── is-posix-bracket@0.1.1
87 silly currentTree ├── is-primitive@2.0.0
87 silly currentTree ├── is-property@1.0.2
87 silly currentTree ├── is-relative@0.2.1
87 silly currentTree ├── is-stream@1.1.0
87 silly currentTree ├─┬ is-symlink-sync@1.0.2
87 silly currentTree │ └── graceful-fs@4.1.11
87 silly currentTree ├── is-typedarray@1.0.0
87 silly currentTree ├── is-unc-path@0.1.2
87 silly currentTree ├── is-utf8@0.2.1
87 silly currentTree ├── is-windows@0.2.0
87 silly currentTree ├── isarray@0.0.1
87 silly currentTree ├── isexe@1.1.2
87 silly currentTree ├─┬ isobject@2.1.0
87 silly currentTree │ └── isarray@1.0.0
87 silly currentTree ├── isstream@0.1.2
87 silly currentTree ├── jodid25519@1.0.2
87 silly currentTree ├── jsbn@0.1.0
87 silly currentTree ├── json-schema@0.2.3
87 silly currentTree ├── json-stable-stringify@0.0.1
87 silly currentTree ├── json-stringify-safe@5.0.1
87 silly currentTree ├── json3@3.3.2
87 silly currentTree ├─┬ jsonfile@2.4.0
87 silly currentTree │ └── graceful-fs@4.1.11
87 silly currentTree ├── jsonify@0.0.0
87 silly currentTree ├── jsonparse@1.2.0
87 silly currentTree ├── jsonpointer@4.0.1
87 silly currentTree ├── JSONStream@1.3.0
87 silly currentTree ├── jsprim@1.3.1
87 silly currentTree ├── kind-of@3.1.0
87 silly currentTree ├─┬ klaw@1.3.1
87 silly currentTree │ └── graceful-fs@4.1.11
87 silly currentTree ├── labeled-stream-splicer@2.0.0
87 silly currentTree ├── lazy-cache@1.0.4
87 silly currentTree ├── lazy-debug-legacy@0.0.1
87 silly currentTree ├── lcid@1.0.0
87 silly currentTree ├── lexical-scope@1.2.0
87 silly currentTree ├── liftoff@2.3.0
87 silly currentTree ├── limiter@1.1.0
87 silly currentTree ├─┬ load-json-file@1.1.0
87 silly currentTree │ ├── graceful-fs@4.1.11
87 silly currentTree │ └── strip-bom@2.0.0
87 silly currentTree ├─┬ localtunnel@1.8.2
87 silly currentTree │ ├── camelcase@1.2.1
87 silly currentTree │ ├── debug@2.2.0
87 silly currentTree │ ├── ms@0.7.1
87 silly currentTree │ ├── node-uuid@1.4.7
87 silly currentTree │ ├── request@2.78.0
87 silly currentTree │ ├── window-size@0.1.4
87 silly currentTree │ └── yargs@3.29.0
87 silly currentTree ├── lodash._basecopy@3.0.1
87 silly currentTree ├── lodash._basetostring@3.0.1
87 silly currentTree ├── lodash._basevalues@3.0.0
87 silly currentTree ├── lodash._getnative@3.9.1
87 silly currentTree ├── lodash._isiterateecall@3.0.9
87 silly currentTree ├── lodash._reescape@3.0.0
87 silly currentTree ├── lodash._reevaluate@3.0.0
87 silly currentTree ├── lodash._reinterpolate@3.0.0
87 silly currentTree ├── lodash._root@3.0.1
87 silly currentTree ├── lodash.assign@4.2.0
87 silly currentTree ├── lodash.assignwith@4.2.0
87 silly currentTree ├── lodash.clonedeep@4.5.0
87 silly currentTree ├── lodash.escape@3.2.0
87 silly currentTree ├── lodash.isarguments@3.1.0
87 silly currentTree ├── lodash.isarray@3.0.4
87 silly currentTree ├── lodash.isempty@4.4.0
87 silly currentTree ├── lodash.isfinite@3.3.2
87 silly currentTree ├── lodash.isplainobject@4.0.6
87 silly currentTree ├── lodash.isstring@4.0.1
87 silly currentTree ├── lodash.keys@3.1.2
87 silly currentTree ├── lodash.mapvalues@4.6.0
87 silly currentTree ├── lodash.memoize@3.0.4
87 silly currentTree ├── lodash.mergewith@4.6.0
87 silly currentTree ├── lodash.pick@4.4.0
87 silly currentTree ├── lodash.restparam@3.6.1
87 silly currentTree ├── lodash.template@3.6.2
87 silly currentTree ├── lodash.templatesettings@3.1.1
87 silly currentTree ├── lodash@1.0.2
87 silly currentTree ├── longest@1.0.1
87 silly currentTree ├── loud-rejection@1.6.0
87 silly currentTree ├── lru-cache@2.7.3
87 silly currentTree ├── magic-string@0.14.0
87 silly currentTree ├── make-error-cause@1.2.2
87 silly currentTree ├── make-error@1.2.1
87 silly currentTree ├── map-cache@0.2.2
87 silly currentTree ├── map-obj@1.0.1
87 silly currentTree ├─┬ meow@3.7.0
87 silly currentTree │ └── object-assign@4.1.0
87 silly currentTree ├── micromatch@2.3.11
87 silly currentTree ├── miller-rabin@4.0.0
87 silly currentTree ├── mime-db@1.25.0
87 silly currentTree ├── mime-types@2.1.13
87 silly currentTree ├── mime@1.2.4
87 silly currentTree ├── minimalistic-assert@1.0.0
87 silly currentTree ├── minimatch@2.0.10
87 silly currentTree ├── minimist@1.2.0
87 silly currentTree ├─┬ mkdirp@0.5.1
87 silly currentTree │ └── minimist@0.0.8
87 silly currentTree ├─┬ module-deps@4.0.8
87 silly currentTree │ ├── duplexer2@0.1.4
87 silly currentTree │ ├── isarray@1.0.0
87 silly currentTree │ └── readable-stream@2.2.2
87 silly currentTree ├── mout@1.0.0
87 silly currentTree ├── ms@0.7.2
87 silly currentTree ├── multipipe@0.1.2
87 silly currentTree ├── nan@2.5.0
87 silly currentTree ├── natives@1.1.0
87 silly currentTree ├── negotiator@0.6.1
87 silly currentTree ├─┬ node-gyp@3.4.0
87 silly currentTree │ ├── glob@7.1.1
87 silly currentTree │ ├── graceful-fs@4.1.11
87 silly currentTree │ ├── minimatch@3.0.3
87 silly currentTree │ └── npmlog@3.1.2
87 silly currentTree ├─┬ node-sass@4.1.1
87 silly currentTree │ ├── gaze@1.1.2
87 silly currentTree │ ├── glob@7.1.1
87 silly currentTree │ ├── globule@1.1.0
87 silly currentTree │ ├── lodash@4.16.6
87 silly currentTree │ └── minimatch@3.0.3
87 silly currentTree ├── nopt@3.0.6
87 silly currentTree ├── normalize-package-data@2.3.5
87 silly currentTree ├── normalize-path@2.0.1
87 silly currentTree ├─┬ npmlog@4.0.2
87 silly currentTree │ ├── gauge@2.7.2
87 silly currentTree │ ├── object-assign@4.1.0
87 silly currentTree │ └── supports-color@0.2.0
87 silly currentTree ├── number-is-nan@1.0.1
87 silly currentTree ├── oauth-sign@0.8.2
87 silly currentTree ├── object-assign@3.0.0
87 silly currentTree ├── object-component@0.0.3
87 silly currentTree ├── object-path@0.9.2
87 silly currentTree ├── object.omit@2.0.1
87 silly currentTree ├── on-finished@2.3.0
87 silly currentTree ├── once@1.3.3
87 silly currentTree ├── openurl@1.1.0
87 silly currentTree ├─┬ opn@4.0.2
87 silly currentTree │ └── object-assign@4.1.0
87 silly currentTree ├─┬ optimist@0.6.1
87 silly currentTree │ └── minimist@0.0.10
87 silly currentTree ├── options@0.0.6
87 silly currentTree ├── orchestrator@0.3.8
87 silly currentTree ├── ordered-read-streams@0.1.0
87 silly currentTree ├── os-browserify@0.1.2
87 silly currentTree ├── os-homedir@1.0.2
87 silly currentTree ├── os-locale@1.4.0
87 silly currentTree ├── os-tmpdir@1.0.2
87 silly currentTree ├── osenv@0.1.4
87 silly currentTree ├── pako@0.2.9
87 silly currentTree ├── parents@1.0.1
87 silly currentTree ├── parse-asn1@5.0.0
87 silly currentTree ├── parse-filepath@1.0.1
87 silly currentTree ├── parse-glob@3.0.4
87 silly currentTree ├── parse-json@2.2.0
87 silly currentTree ├── parse-passwd@1.0.0
87 silly currentTree ├── parsejson@0.0.3
87 silly currentTree ├── parseqs@0.0.5
87 silly currentTree ├── parseuri@0.0.5
87 silly currentTree ├── parseurl@1.3.1
87 silly currentTree ├── path-array@1.0.1
87 silly currentTree ├── path-browserify@0.0.0
87 silly currentTree ├── path-exists@2.1.0
87 silly currentTree ├── path-is-absolute@1.0.1
87 silly currentTree ├── path-is-inside@1.0.2
87 silly currentTree ├── path-platform@0.11.15
87 silly currentTree ├── path-root-regex@0.1.2
87 silly currentTree ├── path-root@0.1.1
87 silly currentTree ├─┬ path-type@1.1.0
87 silly currentTree │ └── graceful-fs@4.1.11
87 silly currentTree ├── pbkdf2@3.0.9
87 silly currentTree ├── pify@2.3.0
87 silly currentTree ├── pinkie-promise@2.0.1
87 silly currentTree ├── pinkie@2.0.4
87 silly currentTree ├── portscanner@2.1.1
87 silly currentTree ├── preserve@0.2.0
87 silly currentTree ├── pretty-hrtime@1.0.3
87 silly currentTree ├── process-nextick-args@1.0.7
87 silly currentTree ├── process@0.11.9
87 silly currentTree ├── pseudomap@1.0.2
87 silly currentTree ├── public-encrypt@4.0.0
87 silly currentTree ├── punycode@1.4.1
87 silly currentTree ├── qs@6.3.0
87 silly currentTree ├── querystring-es3@0.2.1
87 silly currentTree ├── querystring@0.2.0
87 silly currentTree ├── randomatic@1.1.6
87 silly currentTree ├── randombytes@2.0.3
87 silly currentTree ├── range-parser@1.2.0
87 silly currentTree ├─┬ read-json-sync@1.1.1
87 silly currentTree │ └── graceful-fs@4.1.11
87 silly currentTree ├─┬ read-only-stream@2.0.0
87 silly currentTree │ ├── isarray@1.0.0
87 silly currentTree │ └── readable-stream@2.2.2
87 silly currentTree ├── read-pkg-up@1.0.1
87 silly currentTree ├── read-pkg@1.1.0
87 silly currentTree ├── readable-stream@1.1.14
87 silly currentTree ├─┬ readdirp@2.1.0
87 silly currentTree │ ├── graceful-fs@4.1.11
87 silly currentTree │ ├── isarray@1.0.0
87 silly currentTree │ ├── minimatch@3.0.3
87 silly currentTree │ └── readable-stream@2.2.2
87 silly currentTree ├── rechoir@0.6.2
87 silly currentTree ├── redent@1.0.0
87 silly currentTree ├── regex-cache@0.4.3
87 silly currentTree ├── remove-trailing-separator@1.0.1
87 silly currentTree ├── repeat-element@1.1.2
87 silly currentTree ├── repeat-string@1.6.1
87 silly currentTree ├── repeating@2.0.1
87 silly currentTree ├── replace-ext@0.0.1
87 silly currentTree ├── request@2.79.0
87 silly currentTree ├── require-directory@2.1.1
87 silly currentTree ├── require-main-filename@1.0.1
87 silly currentTree ├── requires-port@1.0.0
87 silly currentTree ├── resolve-dir@0.1.1
87 silly currentTree ├── resolve-url@0.2.1
87 silly currentTree ├── resolve@1.2.0
87 silly currentTree ├─┬ resp-modifier@6.0.2
87 silly currentTree │ └── minimatch@3.0.3
87 silly currentTree ├── right-align@0.1.3
87 silly currentTree ├─┬ rimraf@2.5.4
87 silly currentTree │ ├── glob@7.1.1
87 silly currentTree │ └── minimatch@3.0.3
87 silly currentTree ├── ripemd160@1.0.1
87 silly currentTree ├── rx@4.1.0
87 silly currentTree ├─┬ sass-graph@2.1.2
87 silly currentTree │ ├── glob@7.1.1
87 silly currentTree │ ├── lodash@4.17.4
87 silly currentTree │ └── minimatch@3.0.3
87 silly currentTree ├── semver@4.3.6
87 silly currentTree ├─┬ send@0.14.1
87 silly currentTree │ ├── debug@2.2.0
87 silly currentTree │ ├── mime@1.3.4
87 silly currentTree │ └── ms@0.7.1
87 silly currentTree ├── sequencify@0.0.7
87 silly currentTree ├─┬ serve-index@1.8.0
87 silly currentTree │ ├── debug@2.2.0
87 silly currentTree │ └── ms@0.7.1
87 silly currentTree ├── serve-static@1.11.1
87 silly currentTree ├── server-destroy@1.0.1
87 silly currentTree ├── set-blocking@2.0.0
87 silly currentTree ├── set-immediate-shim@1.0.1
87 silly currentTree ├── setprototypeof@1.0.2
87 silly currentTree ├── sha.js@2.4.8
87 silly currentTree ├── shasum@1.0.2
87 silly currentTree ├── shell-quote@1.6.1
87 silly currentTree ├── sigmund@1.0.1
87 silly currentTree ├── signal-exit@3.0.2
87 silly currentTree ├── sntp@1.0.9
87 silly currentTree ├─┬ socket.io-adapter@0.5.0
87 silly currentTree │ └── debug@2.3.3
87 silly currentTree ├─┬ socket.io-client@1.6.0
87 silly currentTree │ ├── component-emitter@1.2.1
87 silly currentTree │ └── debug@2.3.3
87 silly currentTree ├─┬ socket.io-parser@2.3.1
87 silly currentTree │ ├── debug@2.2.0
87 silly currentTree │ └── ms@0.7.1
87 silly currentTree ├─┬ socket.io@1.6.0
87 silly currentTree │ ├── debug@2.3.3
87 silly currentTree │ └── object-assign@4.1.0
87 silly currentTree ├── source-map-resolve@0.3.1
87 silly currentTree ├── source-map-url@0.3.0
87 silly currentTree ├── source-map@0.5.6
87 silly currentTree ├── sparkles@1.0.0
87 silly currentTree ├── spdx-correct@1.0.2
87 silly currentTree ├── spdx-expression-parse@1.0.4
87 silly currentTree ├── spdx-license-ids@1.2.2
87 silly currentTree ├─┬ sshpk@1.10.1
87 silly currentTree │ └── assert-plus@1.0.0
87 silly currentTree ├── statuses@1.3.1
87 silly currentTree ├─┬ stdout-stream@1.4.0
87 silly currentTree │ ├── isarray@1.0.0
87 silly currentTree │ └── readable-stream@2.2.2
87 silly currentTree ├─┬ stream-browserify@2.0.1
87 silly currentTree │ ├── isarray@1.0.0
87 silly currentTree │ └── readable-stream@2.2.2
87 silly currentTree ├─┬ stream-combiner2@1.1.1
87 silly currentTree │ ├── duplexer2@0.1.4
87 silly currentTree │ ├── isarray@1.0.0
87 silly currentTree │ └── readable-stream@2.2.2
87 silly currentTree ├── stream-consume@0.1.0
87 silly currentTree ├─┬ stream-http@2.6.0
87 silly currentTree │ ├── isarray@1.0.0
87 silly currentTree │ └── readable-stream@2.2.2
87 silly currentTree ├─┬ stream-splicer@2.0.0
87 silly currentTree │ ├── isarray@1.0.0
87 silly currentTree │ └── readable-stream@2.2.2
87 silly currentTree ├── stream-throttle@0.1.3
87 silly currentTree ├── string_decoder@0.10.31
87 silly currentTree ├── string-width@1.0.2
87 silly currentTree ├── stringstream@0.0.5
87 silly currentTree ├── strip-ansi@3.0.1
87 silly currentTree ├── strip-bom@1.0.0
87 silly currentTree ├── strip-indent@1.0.1
87 silly currentTree ├── subarg@1.0.0
87 silly currentTree ├── supports-color@2.0.0
87 silly currentTree ├─┬ syntax-error@1.1.6
87 silly currentTree │ └── acorn@2.7.0
87 silly currentTree ├── tar@2.2.1
87 silly currentTree ├── tfunk@3.1.0
87 silly currentTree ├── through@2.3.8
87 silly currentTree ├─┬ through2@2.0.3
87 silly currentTree │ ├── isarray@1.0.0
87 silly currentTree │ └── readable-stream@2.2.2
87 silly currentTree ├── tildify@1.2.0
87 silly currentTree ├── time-stamp@1.0.1
87 silly currentTree ├── timers-browserify@1.4.2
87 silly currentTree ├── to-array@0.1.4
87 silly currentTree ├── to-arraybuffer@1.0.1
87 silly currentTree ├── tough-cookie@2.3.2
87 silly currentTree ├── trim-newlines@1.0.0
87 silly currentTree ├── tryit@1.0.3
87 silly currentTree ├── tty-browserify@0.0.0
87 silly currentTree ├── tunnel-agent@0.4.3
87 silly currentTree ├── tweetnacl@0.14.5
87 silly currentTree ├── typedarray@0.0.6
87 silly currentTree ├── ua-parser-js@0.7.12
87 silly currentTree ├─┬ uglify-js@2.7.0
87 silly currentTree │ ├── async@0.2.10
87 silly currentTree │ ├── camelcase@1.2.1
87 silly currentTree │ ├── cliui@2.1.0
87 silly currentTree │ ├── window-size@0.1.0
87 silly currentTree │ ├── wordwrap@0.0.2
87 silly currentTree │ └── yargs@3.10.0
87 silly currentTree ├── uglify-save-license@0.4.1
87 silly currentTree ├── uglify-to-browserify@1.0.2
87 silly currentTree ├── ultron@1.0.2
87 silly currentTree ├── umd@3.0.1
87 silly currentTree ├── unc-path-regex@0.1.2
87 silly currentTree ├── underscore@1.7.0
87 silly currentTree ├── unique-stream@1.0.0
87 silly currentTree ├── unpipe@1.0.0
87 silly currentTree ├── untildify@2.1.0
87 silly currentTree ├── urix@0.1.0
87 silly currentTree ├─┬ url@0.11.0
87 silly currentTree │ └── punycode@1.3.2
87 silly currentTree ├── user-home@1.1.1
87 silly currentTree ├── util-deprecate@1.0.2
87 silly currentTree ├─┬ util@0.10.3
87 silly currentTree │ └── inherits@2.0.1
87 silly currentTree ├── utils-merge@1.0.0
87 silly currentTree ├── uuid@3.0.1
87 silly currentTree ├── v8flags@2.0.11
87 silly currentTree ├── validate-npm-package-license@3.0.1
87 silly currentTree ├── verror@1.3.6
87 silly currentTree ├─┬ vinyl-fs@0.3.14
87 silly currentTree │ ├── clone@0.2.0
87 silly currentTree │ ├── readable-stream@1.0.34
87 silly currentTree │ ├── through2@0.6.5
87 silly currentTree │ └── vinyl@0.4.6
87 silly currentTree ├─┬ vinyl-source-stream@1.1.0
87 silly currentTree │ ├── clone@0.2.0
87 silly currentTree │ ├── readable-stream@1.0.34
87 silly currentTree │ ├── through2@0.6.5
87 silly currentTree │ └── vinyl@0.4.6
87 silly currentTree ├── vinyl-sourcemaps-apply@0.2.1
87 silly currentTree ├── vinyl@0.5.3
87 silly currentTree ├── vlq@0.2.1
87 silly currentTree ├── vm-browserify@0.0.4
87 silly currentTree ├── weinre@2.0.0-pre-I0Z7U9OV
87 silly currentTree ├── which-module@1.0.0
87 silly currentTree ├── which@1.2.12
87 silly currentTree ├── wide-align@1.1.0
87 silly currentTree ├── window-size@0.2.0
87 silly currentTree ├── wordwrap@0.0.3
87 silly currentTree ├── wrap-ansi@2.1.0
87 silly currentTree ├── wrappy@1.0.2
87 silly currentTree ├── ws@1.1.1
87 silly currentTree ├── wtf-8@1.0.0
87 silly currentTree ├── xmlhttprequest-ssl@1.5.3
87 silly currentTree ├── xtend@4.0.1
87 silly currentTree ├── y18n@3.2.1
87 silly currentTree ├── yallist@2.0.0
87 silly currentTree ├─┬ yargs-parser@2.4.1
87 silly currentTree │ └── camelcase@3.0.0
87 silly currentTree ├── yargs@4.8.1
87 silly currentTree └── yeast@0.1.2
88 silly idealTree gitapi@1.0.0
88 silly idealTree ├── abbrev@1.0.9
88 silly idealTree ├── accepts@1.3.3
88 silly idealTree ├─┬ acorn-jsx@3.0.1
88 silly idealTree │ └── acorn@3.3.0
88 silly idealTree ├─┬ acorn-object-spread@1.0.0
88 silly idealTree │ └── acorn@3.3.0
88 silly idealTree ├── acorn@4.0.4
88 silly idealTree ├── after@0.8.1
88 silly idealTree ├── align-text@0.1.4
88 silly idealTree ├── amdefine@1.0.1
88 silly idealTree ├── ansi-regex@2.0.0
88 silly idealTree ├── ansi-styles@2.2.1
88 silly idealTree ├── anymatch@1.3.0
88 silly idealTree ├── aproba@1.0.4
88 silly idealTree ├── archy@1.0.0
88 silly idealTree ├── are-we-there-yet@1.1.2
88 silly idealTree ├── arr-diff@2.0.0
88 silly idealTree ├── arr-flatten@1.0.1
88 silly idealTree ├── array-differ@1.0.0
88 silly idealTree ├── array-filter@0.0.1
88 silly idealTree ├── array-find-index@1.0.2
88 silly idealTree ├── array-index@1.0.0
88 silly idealTree ├── array-map@0.0.0
88 silly idealTree ├── array-reduce@0.0.0
88 silly idealTree ├── array-union@1.0.2
88 silly idealTree ├── array-uniq@1.0.3
88 silly idealTree ├── array-unique@0.2.1
88 silly idealTree ├── arraybuffer.slice@0.0.6
88 silly idealTree ├── arrify@1.0.1
88 silly idealTree ├── asn1.js@4.9.1
88 silly idealTree ├── asn1@0.2.3
88 silly idealTree ├── assert-plus@0.2.0
88 silly idealTree ├── assert@1.4.1
88 silly idealTree ├─┬ astw@2.0.0
88 silly idealTree │ └── acorn@1.2.2
88 silly idealTree ├── async-each-series@0.1.1
88 silly idealTree ├── async-each@1.0.1
88 silly idealTree ├── async-foreach@0.1.3
88 silly idealTree ├── async@1.5.2
88 silly idealTree ├── asynckit@0.4.0
88 silly idealTree ├── atob@1.1.3
88 silly idealTree ├── aws-sign2@0.6.0
88 silly idealTree ├── aws4@1.5.0
88 silly idealTree ├── backo2@1.0.2
88 silly idealTree ├── balanced-match@0.4.2
88 silly idealTree ├── base64-arraybuffer@0.1.5
88 silly idealTree ├── base64-js@1.2.0
88 silly idealTree ├── base64id@0.1.0
88 silly idealTree ├── batch@0.5.3
88 silly idealTree ├── bcrypt-pbkdf@1.0.0
88 silly idealTree ├── beeper@1.1.1
88 silly idealTree ├── better-assert@1.0.2
88 silly idealTree ├── binary-extensions@1.8.0
88 silly idealTree ├── blob@0.0.4
88 silly idealTree ├── block-stream@0.0.9
88 silly idealTree ├── bn.js@4.11.6
88 silly idealTree ├── boom@2.10.1
88 silly idealTree ├─┬ bower-config@1.4.0
88 silly idealTree │ └── graceful-fs@4.1.11
88 silly idealTree ├─┬ bower-files@3.14.1
88 silly idealTree │ ├── camelcase@3.0.0
88 silly idealTree │ ├── minimatch@3.0.3
88 silly idealTree │ ├── object-assign@4.1.0
88 silly idealTree │ ├── yargs-parser@3.2.0
88 silly idealTree │ └── yargs@5.0.0
88 silly idealTree ├── brace-expansion@1.1.6
88 silly idealTree ├── braces@1.8.5
88 silly idealTree ├── brorand@1.0.6
88 silly idealTree ├── browser-pack@6.0.2
88 silly idealTree ├─┬ browser-resolve@1.11.2
88 silly idealTree │ └── resolve@1.1.7
88 silly idealTree ├── browser-sync-client@2.4.4
88 silly idealTree ├── browser-sync-ui@0.6.2
88 silly idealTree ├─┬ browser-sync@2.18.6
88 silly idealTree │ ├── camelcase@3.0.0
88 silly idealTree │ ├── qs@6.2.1
88 silly idealTree │ ├── yargs-parser@4.2.1
88 silly idealTree │ └── yargs@6.4.0
88 silly idealTree ├── browserify-aes@1.0.6
88 silly idealTree ├── browserify-cipher@1.0.0
88 silly idealTree ├── browserify-des@1.0.0
88 silly idealTree ├── browserify-rsa@4.0.1
88 silly idealTree ├── browserify-sign@4.0.0
88 silly idealTree ├── browserify-zlib@0.1.4
88 silly idealTree ├─┬ browserify@13.3.0
88 silly idealTree │ ├── duplexer2@0.1.4
88 silly idealTree │ ├── glob@7.1.1
88 silly idealTree │ ├── isarray@1.0.0
88 silly idealTree │ ├── minimatch@3.0.3
88 silly idealTree │ └── readable-stream@2.2.2
88 silly idealTree ├── bs-recipes@1.3.4
88 silly idealTree ├─┬ buble@0.12.5
88 silly idealTree │ └── acorn@3.3.0
88 silly idealTree ├─┬ bubleify@0.5.1
88 silly idealTree │ └── object-assign@4.1.0
88 silly idealTree ├── buffer-shims@1.0.0
88 silly idealTree ├── buffer-xor@1.0.3
88 silly idealTree ├─┬ buffer@4.9.1
88 silly idealTree │ └── isarray@1.0.0
88 silly idealTree ├── builtin-modules@1.1.1
88 silly idealTree ├── builtin-status-codes@3.0.0
88 silly idealTree ├── cached-path-relative@1.0.0
88 silly idealTree ├── callsite@1.0.0
88 silly idealTree ├── camelcase-keys@2.1.0
88 silly idealTree ├── camelcase@2.1.1
88 silly idealTree ├── caseless@0.11.0
88 silly idealTree ├── center-align@0.1.3
88 silly idealTree ├── chalk@1.1.3
88 silly idealTree ├── chokidar@1.6.1
88 silly idealTree ├── cipher-base@1.0.3
88 silly idealTree ├── cliui@3.2.0
88 silly idealTree ├── clone-buffer@1.0.0
88 silly idealTree ├── clone-stats@0.0.1
88 silly idealTree ├── clone@1.0.2
88 silly idealTree ├── cloneable-readable@1.0.0
88 silly idealTree ├── code-point-at@1.1.0
88 silly idealTree ├─┬ combine-source-map@0.7.2
88 silly idealTree │ └── convert-source-map@1.1.3
88 silly idealTree ├── combined-stream@1.0.5
88 silly idealTree ├── commander@2.9.0
88 silly idealTree ├── component-bind@1.0.0
88 silly idealTree ├── component-emitter@1.1.2
88 silly idealTree ├── component-inherit@0.0.3
88 silly idealTree ├── concat-map@0.0.1
88 silly idealTree ├─┬ concat-stream@1.5.2
88 silly idealTree │ ├── isarray@1.0.0
88 silly idealTree │ └── readable-stream@2.0.6
88 silly idealTree ├── concat-with-sourcemaps@1.0.4
88 silly idealTree ├── concat@0.0.1-security
88 silly idealTree ├── connect-history-api-fallback@1.3.0
88 silly idealTree ├─┬ connect@3.5.0
88 silly idealTree │ ├── debug@2.2.0
88 silly idealTree │ └── ms@0.7.1
88 silly idealTree ├── console-browserify@1.1.0
88 silly idealTree ├── console-control-strings@1.1.0
88 silly idealTree ├── constants-browserify@1.0.0
88 silly idealTree ├── convert-source-map@1.3.0
88 silly idealTree ├── cookie@0.3.1
88 silly idealTree ├── core-util-is@1.0.2
88 silly idealTree ├── create-ecdh@4.0.0
88 silly idealTree ├── create-hash@1.1.2
88 silly idealTree ├── create-hmac@1.1.4
88 silly idealTree ├─┬ cross-spawn@3.0.1
88 silly idealTree │ └── lru-cache@4.0.2
88 silly idealTree ├── cryptiles@2.0.5
88 silly idealTree ├── crypto-browserify@3.11.0
88 silly idealTree ├─┬ css@2.2.1
88 silly idealTree │ └── source-map@0.1.43
88 silly idealTree ├── currently-unhandled@0.4.1
88 silly idealTree ├── d@0.1.1
88 silly idealTree ├─┬ dashdash@1.14.1
88 silly idealTree │ └── assert-plus@1.0.0
88 silly idealTree ├── date-now@0.1.4
88 silly idealTree ├── dateformat@2.0.0
88 silly idealTree ├─┬ debug-fabulous@0.0.4
88 silly idealTree │ └── object-assign@4.1.0
88 silly idealTree ├── debug@2.6.0
88 silly idealTree ├── decamelize@1.2.0
88 silly idealTree ├── defaults@1.0.3
88 silly idealTree ├── defined@1.0.0
88 silly idealTree ├─┬ del@2.2.2
88 silly idealTree │ ├── glob@7.1.1
88 silly idealTree │ ├── globby@5.0.0
88 silly idealTree │ ├── minimatch@3.0.3
88 silly idealTree │ └── object-assign@4.1.0
88 silly idealTree ├── delayed-stream@1.0.0
88 silly idealTree ├── delegates@1.0.0
88 silly idealTree ├── depd@1.1.0
88 silly idealTree ├── deprecate@1.0.0
88 silly idealTree ├── deprecated@0.0.1
88 silly idealTree ├── deps-sort@2.0.0
88 silly idealTree ├── des.js@1.0.0
88 silly idealTree ├── destroy@1.0.4
88 silly idealTree ├── detect-file@0.1.0
88 silly idealTree ├── detect-newline@2.1.0
88 silly idealTree ├─┬ detective@4.3.2
88 silly idealTree │ └── acorn@3.3.0
88 silly idealTree ├── dev-ip@1.0.1
88 silly idealTree ├── diffie-hellman@5.0.2
88 silly idealTree ├── domain-browser@1.1.7
88 silly idealTree ├── duplexer2@0.0.2
88 silly idealTree ├─┬ easy-extender@2.3.2
88 silly idealTree │ └── lodash@3.10.1
88 silly idealTree ├── eazy-logger@3.0.2
88 silly idealTree ├── ecc-jsbn@0.1.1
88 silly idealTree ├── ee-first@1.1.1
88 silly idealTree ├── elliptic@6.3.2
88 silly idealTree ├── emitter-steward@1.0.0
88 silly idealTree ├── encodeurl@1.0.1
88 silly idealTree ├── end-of-stream@0.1.5
88 silly idealTree ├─┬ engine.io-client@1.8.0
88 silly idealTree │ ├── component-emitter@1.2.1
88 silly idealTree │ └── debug@2.3.3
88 silly idealTree ├─┬ engine.io-parser@1.3.1
88 silly idealTree │ └── has-binary@0.1.6
88 silly idealTree ├─┬ engine.io@1.8.0
88 silly idealTree │ └── debug@2.3.3
88 silly idealTree ├── error-ex@1.3.0
88 silly idealTree ├── es5-ext@0.10.12
88 silly idealTree ├── es6-iterator@2.0.0
88 silly idealTree ├── es6-symbol@3.1.0
88 silly idealTree ├── escape-html@1.0.3
88 silly idealTree ├── escape-string-regexp@1.0.5
88 silly idealTree ├── etag@1.7.0
88 silly idealTree ├── eventemitter3@1.2.0
88 silly idealTree ├── events@1.1.1
88 silly idealTree ├── evp_bytestokey@1.0.0
88 silly idealTree ├── expand-brackets@0.1.5
88 silly idealTree ├── expand-range@1.8.2
88 silly idealTree ├── expand-tilde@1.2.2
88 silly idealTree ├─┬ express@2.5.11
88 silly idealTree │ ├── connect@1.9.2
88 silly idealTree │ ├── mkdirp@0.3.0
88 silly idealTree │ └── qs@0.4.2
88 silly idealTree ├── extend@3.0.0
88 silly idealTree ├── extglob@0.3.2
88 silly idealTree ├── extsprintf@1.0.2
88 silly idealTree ├── fancy-log@1.3.0
88 silly idealTree ├── filename-regex@2.0.0
88 silly idealTree ├── fill-range@2.2.3
88 silly idealTree ├─┬ finalhandler@0.5.0
88 silly idealTree │ ├── debug@2.2.0
88 silly idealTree │ └── ms@0.7.1
88 silly idealTree ├── find-index@0.1.1
88 silly idealTree ├── find-up@1.1.2
88 silly idealTree ├── findup-sync@0.4.3
88 silly idealTree ├── fined@1.0.2
88 silly idealTree ├── first-chunk-stream@1.0.0
88 silly idealTree ├── flagged-respawn@0.3.2
88 silly idealTree ├── for-in@0.1.6
88 silly idealTree ├── for-own@0.1.4
88 silly idealTree ├── forever-agent@0.6.1
88 silly idealTree ├── form-data@2.1.2
88 silly idealTree ├── formidable@1.0.17
88 silly idealTree ├── fresh@0.3.0
88 silly idealTree ├── fs-exists-sync@0.1.0
88 silly idealTree ├─┬ fs-extra@1.0.0
88 silly idealTree │ └── graceful-fs@4.1.11
88 silly idealTree ├── fs.realpath@1.0.0
88 silly idealTree ├─┬ fstream@1.0.10
88 silly idealTree │ └── graceful-fs@4.1.11
88 silly idealTree ├── function-bind@1.1.0
88 silly idealTree ├─┬ gauge@2.6.0
88 silly idealTree │ └── object-assign@4.1.0
88 silly idealTree ├── gaze@0.5.2
88 silly idealTree ├── generate-function@2.0.0
88 silly idealTree ├── generate-object-property@1.2.0
88 silly idealTree ├── get-caller-file@1.0.2
88 silly idealTree ├── get-stdin@4.0.1
88 silly idealTree ├─┬ getpass@0.1.6
88 silly idealTree │ └── assert-plus@1.0.0
88 silly idealTree ├── glob-base@0.3.0
88 silly idealTree ├── glob-parent@2.0.0
88 silly idealTree ├─┬ glob-stream@3.1.18
88 silly idealTree │ ├── readable-stream@1.0.34
88 silly idealTree │ └── through2@0.6.5
88 silly idealTree ├── glob-watcher@0.0.6
88 silly idealTree ├── glob@4.5.3
88 silly idealTree ├── glob2base@0.0.12
88 silly idealTree ├── global-modules@0.2.3
88 silly idealTree ├── global-prefix@0.1.5
88 silly idealTree ├─┬ globby@6.1.0
88 silly idealTree │ ├── glob@7.1.1
88 silly idealTree │ ├── minimatch@3.0.3
88 silly idealTree │ └── object-assign@4.1.0
88 silly idealTree ├─┬ globule@0.1.0
88 silly idealTree │ ├── glob@3.1.21
88 silly idealTree │ ├── graceful-fs@1.2.3
88 silly idealTree │ ├── inherits@1.0.2
88 silly idealTree │ └── minimatch@0.2.14
88 silly idealTree ├── glogg@1.0.0
88 silly idealTree ├── graceful-fs@3.0.11
88 silly idealTree ├── graceful-readlink@1.0.1
88 silly idealTree ├─┬ gulp-concat@2.6.1
88 silly idealTree │ ├── clone-stats@1.0.0
88 silly idealTree │ ├── replace-ext@1.0.0
88 silly idealTree │ └── vinyl@2.0.1
88 silly idealTree ├── gulp-sass@3.0.0
88 silly idealTree ├─┬ gulp-sourcemaps@1.9.2
88 silly idealTree │ ├── graceful-fs@4.1.11
88 silly idealTree │ ├── strip-bom@2.0.0
88 silly idealTree │ └── vinyl@1.2.0
88 silly idealTree ├─┬ gulp-uglify@2.0.0
88 silly idealTree │ └── lodash@4.17.4
88 silly idealTree ├── gulp-util@3.0.8
88 silly idealTree ├── gulp@3.9.1
88 silly idealTree ├── gulplog@1.0.0
88 silly idealTree ├── har-validator@2.0.6
88 silly idealTree ├── has-ansi@2.0.0
88 silly idealTree ├── has-binary@0.1.7
88 silly idealTree ├── has-color@0.1.7
88 silly idealTree ├── has-cors@1.1.0
88 silly idealTree ├── has-gulplog@0.1.0
88 silly idealTree ├── has-unicode@2.0.1
88 silly idealTree ├── has@1.0.1
88 silly idealTree ├── hash.js@1.0.3
88 silly idealTree ├── hawk@3.1.3
88 silly idealTree ├── hoek@2.16.3
88 silly idealTree ├── homedir-polyfill@1.0.1
88 silly idealTree ├── hosted-git-info@2.1.5
88 silly idealTree ├── htmlescape@1.1.1
88 silly idealTree ├── http-errors@1.5.1
88 silly idealTree ├── http-proxy@1.15.2
88 silly idealTree ├── http-signature@1.1.1
88 silly idealTree ├── https-browserify@0.0.1
88 silly idealTree ├── ieee754@1.1.8
88 silly idealTree ├── immutable@3.8.1
88 silly idealTree ├── in-publish@2.0.0
88 silly idealTree ├── indent-string@2.1.0
88 silly idealTree ├── indexof@0.0.1
88 silly idealTree ├── inflight@1.0.6
88 silly idealTree ├── inherits@2.0.3
88 silly idealTree ├── ini@1.3.4
88 silly idealTree ├── inline-source-map@0.6.2
88 silly idealTree ├── insert-module-globals@7.0.1
88 silly idealTree ├── interpret@1.0.1
88 silly idealTree ├── invert-kv@1.0.0
88 silly idealTree ├── is-absolute@0.2.6
88 silly idealTree ├── is-arrayish@0.2.1
88 silly idealTree ├── is-binary-path@1.0.1
88 silly idealTree ├── is-buffer@1.1.4
88 silly idealTree ├── is-builtin-module@1.0.0
88 silly idealTree ├── is-dotfile@1.0.2
88 silly idealTree ├── is-equal-shallow@0.1.3
88 silly idealTree ├── is-extendable@0.1.1
88 silly idealTree ├── is-extglob@1.0.0
88 silly idealTree ├── is-finite@1.0.2
88 silly idealTree ├── is-fullwidth-code-point@1.0.0
88 silly idealTree ├── is-glob@2.0.1
88 silly idealTree ├── is-my-json-valid@2.15.0
88 silly idealTree ├── is-number-like@1.0.7
88 silly idealTree ├── is-number@2.1.0
88 silly idealTree ├── is-path-cwd@1.0.0
88 silly idealTree ├── is-path-in-cwd@1.0.0
88 silly idealTree ├── is-path-inside@1.0.0
88 silly idealTree ├── is-posix-bracket@0.1.1
88 silly idealTree ├── is-primitive@2.0.0
88 silly idealTree ├── is-property@1.0.2
88 silly idealTree ├── is-relative@0.2.1
88 silly idealTree ├── is-stream@1.1.0
88 silly idealTree ├─┬ is-symlink-sync@1.0.2
88 silly idealTree │ └── graceful-fs@4.1.11
88 silly idealTree ├── is-typedarray@1.0.0
88 silly idealTree ├── is-unc-path@0.1.2
88 silly idealTree ├── is-utf8@0.2.1
88 silly idealTree ├── is-windows@0.2.0
88 silly idealTree ├── isarray@0.0.1
88 silly idealTree ├── isexe@1.1.2
88 silly idealTree ├─┬ isobject@2.1.0
88 silly idealTree │ └── isarray@1.0.0
88 silly idealTree ├── isstream@0.1.2
88 silly idealTree ├── jodid25519@1.0.2
88 silly idealTree ├── jsbn@0.1.0
88 silly idealTree ├── json-schema@0.2.3
88 silly idealTree ├── json-stable-stringify@0.0.1
88 silly idealTree ├── json-stringify-safe@5.0.1
88 silly idealTree ├── json3@3.3.2
88 silly idealTree ├─┬ jsonfile@2.4.0
88 silly idealTree │ └── graceful-fs@4.1.11
88 silly idealTree ├── jsonify@0.0.0
88 silly idealTree ├── jsonparse@1.2.0
88 silly idealTree ├── jsonpointer@4.0.1
88 silly idealTree ├── JSONStream@1.3.0
88 silly idealTree ├── jsprim@1.3.1
88 silly idealTree ├── kind-of@3.1.0
88 silly idealTree ├─┬ klaw@1.3.1
88 silly idealTree │ └── graceful-fs@4.1.11
88 silly idealTree ├── labeled-stream-splicer@2.0.0
88 silly idealTree ├── lazy-cache@1.0.4
88 silly idealTree ├── lazy-debug-legacy@0.0.1
88 silly idealTree ├── lcid@1.0.0
88 silly idealTree ├── lexical-scope@1.2.0
88 silly idealTree ├── liftoff@2.3.0
88 silly idealTree ├── limiter@1.1.0
88 silly idealTree ├─┬ load-json-file@1.1.0
88 silly idealTree │ ├── graceful-fs@4.1.11
88 silly idealTree │ └── strip-bom@2.0.0
88 silly idealTree ├─┬ localtunnel@1.8.2
88 silly idealTree │ ├── camelcase@1.2.1
88 silly idealTree │ ├── debug@2.2.0
88 silly idealTree │ ├── ms@0.7.1
88 silly idealTree │ ├── node-uuid@1.4.7
88 silly idealTree │ ├── request@2.78.0
88 silly idealTree │ ├── window-size@0.1.4
88 silly idealTree │ └── yargs@3.29.0
88 silly idealTree ├── lodash._basecopy@3.0.1
88 silly idealTree ├── lodash._basetostring@3.0.1
88 silly idealTree ├── lodash._basevalues@3.0.0
88 silly idealTree ├── lodash._getnative@3.9.1
88 silly idealTree ├── lodash._isiterateecall@3.0.9
88 silly idealTree ├── lodash._reescape@3.0.0
88 silly idealTree ├── lodash._reevaluate@3.0.0
88 silly idealTree ├── lodash._reinterpolate@3.0.0
88 silly idealTree ├── lodash._root@3.0.1
88 silly idealTree ├── lodash.assign@4.2.0
88 silly idealTree ├── lodash.assignwith@4.2.0
88 silly idealTree ├── lodash.clonedeep@4.5.0
88 silly idealTree ├── lodash.escape@3.2.0
88 silly idealTree ├── lodash.isarguments@3.1.0
88 silly idealTree ├── lodash.isarray@3.0.4
88 silly idealTree ├── lodash.isempty@4.4.0
88 silly idealTree ├── lodash.isfinite@3.3.2
88 silly idealTree ├── lodash.isplainobject@4.0.6
88 silly idealTree ├── lodash.isstring@4.0.1
88 silly idealTree ├── lodash.keys@3.1.2
88 silly idealTree ├── lodash.mapvalues@4.6.0
88 silly idealTree ├── lodash.memoize@3.0.4
88 silly idealTree ├── lodash.mergewith@4.6.0
88 silly idealTree ├── lodash.pick@4.4.0
88 silly idealTree ├── lodash.restparam@3.6.1
88 silly idealTree ├── lodash.template@3.6.2
88 silly idealTree ├── lodash.templatesettings@3.1.1
88 silly idealTree ├── lodash@1.0.2
88 silly idealTree ├── longest@1.0.1
88 silly idealTree ├── loud-rejection@1.6.0
88 silly idealTree ├── lru-cache@2.7.3
88 silly idealTree ├── magic-string@0.14.0
88 silly idealTree ├── make-error-cause@1.2.2
88 silly idealTree ├── make-error@1.2.1
88 silly idealTree ├── map-cache@0.2.2
88 silly idealTree ├── map-obj@1.0.1
88 silly idealTree ├─┬ meow@3.7.0
88 silly idealTree │ └── object-assign@4.1.0
88 silly idealTree ├── micromatch@2.3.11
88 silly idealTree ├── miller-rabin@4.0.0
88 silly idealTree ├── mime-db@1.25.0
88 silly idealTree ├── mime-types@2.1.13
88 silly idealTree ├── mime@1.2.4
88 silly idealTree ├── minimalistic-assert@1.0.0
88 silly idealTree ├── minimatch@2.0.10
88 silly idealTree ├── minimist@1.2.0
88 silly idealTree ├─┬ mkdirp@0.5.1
88 silly idealTree │ └── minimist@0.0.8
88 silly idealTree ├─┬ module-deps@4.0.8
88 silly idealTree │ ├── duplexer2@0.1.4
88 silly idealTree │ ├── isarray@1.0.0
88 silly idealTree │ └── readable-stream@2.2.2
88 silly idealTree ├── mout@1.0.0
88 silly idealTree ├── ms@0.7.2
88 silly idealTree ├── multipipe@0.1.2
88 silly idealTree ├── nan@2.5.0
88 silly idealTree ├── natives@1.1.0
88 silly idealTree ├── negotiator@0.6.1
88 silly idealTree ├─┬ node-gyp@3.4.0
88 silly idealTree │ ├── glob@7.1.1
88 silly idealTree │ ├── graceful-fs@4.1.11
88 silly idealTree │ ├── minimatch@3.0.3
88 silly idealTree │ └── npmlog@3.1.2
88 silly idealTree ├─┬ node-sass@4.1.1
88 silly idealTree │ ├── gaze@1.1.2
88 silly idealTree │ ├── glob@7.1.1
88 silly idealTree │ ├── globule@1.1.0
88 silly idealTree │ ├── lodash@4.16.6
88 silly idealTree │ └── minimatch@3.0.3
88 silly idealTree ├── nopt@3.0.6
88 silly idealTree ├── normalize-package-data@2.3.5
88 silly idealTree ├── normalize-path@2.0.1
88 silly idealTree ├─┬ npmlog@4.0.2
88 silly idealTree │ ├── gauge@2.7.2
88 silly idealTree │ ├── object-assign@4.1.0
88 silly idealTree │ └── supports-color@0.2.0
88 silly idealTree ├── number-is-nan@1.0.1
88 silly idealTree ├── oauth-sign@0.8.2
88 silly idealTree ├── object-assign@3.0.0
88 silly idealTree ├── object-component@0.0.3
88 silly idealTree ├── object-path@0.9.2
88 silly idealTree ├── object.omit@2.0.1
88 silly idealTree ├── on-finished@2.3.0
88 silly idealTree ├── once@1.3.3
88 silly idealTree ├── openurl@1.1.0
88 silly idealTree ├─┬ opn@4.0.2
88 silly idealTree │ └── object-assign@4.1.0
88 silly idealTree ├─┬ optimist@0.6.1
88 silly idealTree │ └── minimist@0.0.10
88 silly idealTree ├── options@0.0.6
88 silly idealTree ├── orchestrator@0.3.8
88 silly idealTree ├── ordered-read-streams@0.1.0
88 silly idealTree ├── os-browserify@0.1.2
88 silly idealTree ├── os-homedir@1.0.2
88 silly idealTree ├── os-locale@1.4.0
88 silly idealTree ├── os-tmpdir@1.0.2
88 silly idealTree ├── osenv@0.1.4
88 silly idealTree ├── pako@0.2.9
88 silly idealTree ├── parents@1.0.1
88 silly idealTree ├── parse-asn1@5.0.0
88 silly idealTree ├── parse-filepath@1.0.1
88 silly idealTree ├── parse-glob@3.0.4
88 silly idealTree ├── parse-json@2.2.0
88 silly idealTree ├── parse-passwd@1.0.0
88 silly idealTree ├── parsejson@0.0.3
88 silly idealTree ├── parseqs@0.0.5
88 silly idealTree ├── parseuri@0.0.5
88 silly idealTree ├── parseurl@1.3.1
88 silly idealTree ├── path-array@1.0.1
88 silly idealTree ├── path-browserify@0.0.0
88 silly idealTree ├── path-exists@2.1.0
88 silly idealTree ├── path-is-absolute@1.0.1
88 silly idealTree ├── path-is-inside@1.0.2
88 silly idealTree ├── path-platform@0.11.15
88 silly idealTree ├── path-root-regex@0.1.2
88 silly idealTree ├── path-root@0.1.1
88 silly idealTree ├─┬ path-type@1.1.0
88 silly idealTree │ └── graceful-fs@4.1.11
88 silly idealTree ├── pbkdf2@3.0.9
88 silly idealTree ├── pify@2.3.0
88 silly idealTree ├── pinkie-promise@2.0.1
88 silly idealTree ├── pinkie@2.0.4
88 silly idealTree ├── portscanner@2.1.1
88 silly idealTree ├── preserve@0.2.0
88 silly idealTree ├── pretty-hrtime@1.0.3
88 silly idealTree ├── process-nextick-args@1.0.7
88 silly idealTree ├── process@0.11.9
88 silly idealTree ├── pseudomap@1.0.2
88 silly idealTree ├── public-encrypt@4.0.0
88 silly idealTree ├── punycode@1.4.1
88 silly idealTree ├── qs@6.3.0
88 silly idealTree ├── querystring-es3@0.2.1
88 silly idealTree ├── querystring@0.2.0
88 silly idealTree ├── randomatic@1.1.6
88 silly idealTree ├── randombytes@2.0.3
88 silly idealTree ├── range-parser@1.2.0
88 silly idealTree ├─┬ read-json-sync@1.1.1
88 silly idealTree │ └── graceful-fs@4.1.11
88 silly idealTree ├─┬ read-only-stream@2.0.0
88 silly idealTree │ ├── isarray@1.0.0
88 silly idealTree │ └── readable-stream@2.2.2
88 silly idealTree ├── read-pkg-up@1.0.1
88 silly idealTree ├── read-pkg@1.1.0
88 silly idealTree ├── readable-stream@1.1.14
88 silly idealTree ├─┬ readdirp@2.1.0
88 silly idealTree │ ├── graceful-fs@4.1.11
88 silly idealTree │ ├── isarray@1.0.0
88 silly idealTree │ ├── minimatch@3.0.3
88 silly idealTree │ └── readable-stream@2.2.2
88 silly idealTree ├── rechoir@0.6.2
88 silly idealTree ├── redent@1.0.0
88 silly idealTree ├── regex-cache@0.4.3
88 silly idealTree ├── remove-trailing-separator@1.0.1
88 silly idealTree ├── repeat-element@1.1.2
88 silly idealTree ├── repeat-string@1.6.1
88 silly idealTree ├── repeating@2.0.1
88 silly idealTree ├── replace-ext@0.0.1
88 silly idealTree ├── request@2.79.0
88 silly idealTree ├── require-directory@2.1.1
88 silly idealTree ├── require-main-filename@1.0.1
88 silly idealTree ├── requires-port@1.0.0
88 silly idealTree ├── resolve-dir@0.1.1
88 silly idealTree ├── resolve-url@0.2.1
88 silly idealTree ├── resolve@1.2.0
88 silly idealTree ├─┬ resp-modifier@6.0.2
88 silly idealTree │ └── minimatch@3.0.3
88 silly idealTree ├── right-align@0.1.3
88 silly idealTree ├─┬ rimraf@2.5.4
88 silly idealTree │ ├── glob@7.1.1
88 silly idealTree │ └── minimatch@3.0.3
88 silly idealTree ├── ripemd160@1.0.1
88 silly idealTree ├── rx@4.1.0
88 silly idealTree ├─┬ sass-graph@2.1.2
88 silly idealTree │ ├── glob@7.1.1
88 silly idealTree │ ├── lodash@4.17.4
88 silly idealTree │ └── minimatch@3.0.3
88 silly idealTree ├── semver@4.3.6
88 silly idealTree ├─┬ send@0.14.1
88 silly idealTree │ ├── debug@2.2.0
88 silly idealTree │ ├── mime@1.3.4
88 silly idealTree │ └── ms@0.7.1
88 silly idealTree ├── sequencify@0.0.7
88 silly idealTree ├─┬ serve-index@1.8.0
88 silly idealTree │ ├── debug@2.2.0
88 silly idealTree │ └── ms@0.7.1
88 silly idealTree ├── serve-static@1.11.1
88 silly idealTree ├── server-destroy@1.0.1
88 silly idealTree ├── set-blocking@2.0.0
88 silly idealTree ├── set-immediate-shim@1.0.1
88 silly idealTree ├── setprototypeof@1.0.2
88 silly idealTree ├── sha.js@2.4.8
88 silly idealTree ├── shasum@1.0.2
88 silly idealTree ├── shell-quote@1.6.1
88 silly idealTree ├── sigmund@1.0.1
88 silly idealTree ├── signal-exit@3.0.2
88 silly idealTree ├── sntp@1.0.9
88 silly idealTree ├─┬ socket.io-adapter@0.5.0
88 silly idealTree │ └── debug@2.3.3
88 silly idealTree ├─┬ socket.io-client@1.6.0
88 silly idealTree │ ├── component-emitter@1.2.1
88 silly idealTree │ └── debug@2.3.3
88 silly idealTree ├─┬ socket.io-parser@2.3.1
88 silly idealTree │ ├── debug@2.2.0
88 silly idealTree │ └── ms@0.7.1
88 silly idealTree ├─┬ socket.io@1.6.0
88 silly idealTree │ ├── debug@2.3.3
88 silly idealTree │ └── object-assign@4.1.0
88 silly idealTree ├── source-map-resolve@0.3.1
88 silly idealTree ├── source-map-url@0.3.0
88 silly idealTree ├── source-map@0.5.6
88 silly idealTree ├── sparkles@1.0.0
88 silly idealTree ├── spdx-correct@1.0.2
88 silly idealTree ├── spdx-expression-parse@1.0.4
88 silly idealTree ├── spdx-license-ids@1.2.2
88 silly idealTree ├─┬ sshpk@1.10.1
88 silly idealTree │ └── assert-plus@1.0.0
88 silly idealTree ├── statuses@1.3.1
88 silly idealTree ├─┬ stdout-stream@1.4.0
88 silly idealTree │ ├── isarray@1.0.0
88 silly idealTree │ └── readable-stream@2.2.2
88 silly idealTree ├─┬ stream-browserify@2.0.1
88 silly idealTree │ ├── isarray@1.0.0
88 silly idealTree │ └── readable-stream@2.2.2
88 silly idealTree ├─┬ stream-combiner2@1.1.1
88 silly idealTree │ ├── duplexer2@0.1.4
88 silly idealTree │ ├── isarray@1.0.0
88 silly idealTree │ └── readable-stream@2.2.2
88 silly idealTree ├── stream-consume@0.1.0
88 silly idealTree ├─┬ stream-http@2.6.0
88 silly idealTree │ ├── isarray@1.0.0
88 silly idealTree │ └── readable-stream@2.2.2
88 silly idealTree ├─┬ stream-splicer@2.0.0
88 silly idealTree │ ├── isarray@1.0.0
88 silly idealTree │ └── readable-stream@2.2.2
88 silly idealTree ├── stream-throttle@0.1.3
88 silly idealTree ├── string_decoder@0.10.31
88 silly idealTree ├── string-width@1.0.2
88 silly idealTree ├── stringstream@0.0.5
88 silly idealTree ├── strip-ansi@3.0.1
88 silly idealTree ├── strip-bom@1.0.0
88 silly idealTree ├── strip-indent@1.0.1
88 silly idealTree ├── subarg@1.0.0
88 silly idealTree ├── supports-color@2.0.0
88 silly idealTree ├─┬ syntax-error@1.1.6
88 silly idealTree │ └── acorn@2.7.0
88 silly idealTree ├── tar@2.2.1
88 silly idealTree ├── tfunk@3.1.0
88 silly idealTree ├── through@2.3.8
88 silly idealTree ├─┬ through2@2.0.3
88 silly idealTree │ ├── isarray@1.0.0
88 silly idealTree │ └── readable-stream@2.2.2
88 silly idealTree ├── tildify@1.2.0
88 silly idealTree ├── time-stamp@1.0.1
88 silly idealTree ├── timers-browserify@1.4.2
88 silly idealTree ├── to-array@0.1.4
88 silly idealTree ├── to-arraybuffer@1.0.1
88 silly idealTree ├── tough-cookie@2.3.2
88 silly idealTree ├── trim-newlines@1.0.0
88 silly idealTree ├── tryit@1.0.3
88 silly idealTree ├── tty-browserify@0.0.0
88 silly idealTree ├── tunnel-agent@0.4.3
88 silly idealTree ├── tweetnacl@0.14.5
88 silly idealTree ├── typedarray@0.0.6
88 silly idealTree ├── ua-parser-js@0.7.12
88 silly idealTree ├─┬ uglify-js@2.7.0
88 silly idealTree │ ├── async@0.2.10
88 silly idealTree │ ├── camelcase@1.2.1
88 silly idealTree │ ├── cliui@2.1.0
88 silly idealTree │ ├── window-size@0.1.0
88 silly idealTree │ ├── wordwrap@0.0.2
88 silly idealTree │ └── yargs@3.10.0
88 silly idealTree ├── uglify-save-license@0.4.1
88 silly idealTree ├── uglify-to-browserify@1.0.2
88 silly idealTree ├── ultron@1.0.2
88 silly idealTree ├── umd@3.0.1
88 silly idealTree ├── unc-path-regex@0.1.2
88 silly idealTree ├── underscore@1.7.0
88 silly idealTree ├── unique-stream@1.0.0
88 silly idealTree ├── unpipe@1.0.0
88 silly idealTree ├── untildify@2.1.0
88 silly idealTree ├── urix@0.1.0
88 silly idealTree ├─┬ url@0.11.0
88 silly idealTree │ └── punycode@1.3.2
88 silly idealTree ├── user-home@1.1.1
88 silly idealTree ├── util-deprecate@1.0.2
88 silly idealTree ├─┬ util@0.10.3
88 silly idealTree │ └── inherits@2.0.1
88 silly idealTree ├── utils-merge@1.0.0
88 silly idealTree ├── uuid@3.0.1
88 silly idealTree ├── v8flags@2.0.11
88 silly idealTree ├── validate-npm-package-license@3.0.1
88 silly idealTree ├── verror@1.3.6
88 silly idealTree ├─┬ vinyl-fs@0.3.14
88 silly idealTree │ ├── clone@0.2.0
88 silly idealTree │ ├── readable-stream@1.0.34
88 silly idealTree │ ├── through2@0.6.5
88 silly idealTree │ └── vinyl@0.4.6
88 silly idealTree ├─┬ vinyl-source-stream@1.1.0
88 silly idealTree │ ├── clone@0.2.0
88 silly idealTree │ ├── readable-stream@1.0.34
88 silly idealTree │ ├── through2@0.6.5
88 silly idealTree │ └── vinyl@0.4.6
88 silly idealTree ├── vinyl-sourcemaps-apply@0.2.1
88 silly idealTree ├── vinyl@0.5.3
88 silly idealTree ├── vlq@0.2.1
88 silly idealTree ├── vm-browserify@0.0.4
88 silly idealTree ├── weinre@2.0.0-pre-I0Z7U9OV
88 silly idealTree ├── which-module@1.0.0
88 silly idealTree ├── which@1.2.12
88 silly idealTree ├── wide-align@1.1.0
88 silly idealTree ├── window-size@0.2.0
88 silly idealTree ├── wordwrap@0.0.3
88 silly idealTree ├── wrap-ansi@2.1.0
88 silly idealTree ├── wrappy@1.0.2
88 silly idealTree ├── ws@1.1.1
88 silly idealTree ├── wtf-8@1.0.0
88 silly idealTree ├── xmlhttprequest-ssl@1.5.3
88 silly idealTree ├── xtend@4.0.1
88 silly idealTree ├── y18n@3.2.1
88 silly idealTree ├── yallist@2.0.0
88 silly idealTree ├─┬ yargs-parser@2.4.1
88 silly idealTree │ └── camelcase@3.0.0
88 silly idealTree ├── yargs@4.8.1
88 silly idealTree └── yeast@0.1.2
89 silly generateActionsToTake Starting
90 silly install generateActionsToTake
91 warn checkPermissions Missing write access to /home/delink/Moringa/js/week1/GitApi/node_modules
92 silly rollbackFailedOptional Starting
93 silly rollbackFailedOptional Finishing
94 silly runTopLevelLifecycles Finishing
95 silly install printInstalled
96 warn optional SKIPPING OPTIONAL DEPENDENCY: fsevents@^1.0.0 (node_modules/chokidar/node_modules/fsevents):
97 warn notsup SKIPPING OPTIONAL DEPENDENCY: Unsupported platform for fsevents@1.1.1: wanted {"os":"darwin","arch":"any"} (current: {"os":"linux","arch":"x64"})
98 verbose notsup SKIPPING OPTIONAL DEPENDENCY: Valid OS:    darwin
98 verbose notsup SKIPPING OPTIONAL DEPENDENCY: Valid Arch:  any
98 verbose notsup SKIPPING OPTIONAL DEPENDENCY: Actual OS:   linux
98 verbose notsup SKIPPING OPTIONAL DEPENDENCY: Actual Arch: x64
99 warn gitapi@1.0.0 No repository field.
100 verbose If you need help, you may report this error at:
100 verbose     <https://github.com/npm/npm/issues>
101 verbose stack Error: EACCES: permission denied, access '/home/delink/Moringa/js/week1/GitApi/node_modules'
102 verbose cwd /home/delink/Moringa/js/week1/GitApi
103 error Linux 4.4.0-21-generic
104 error argv "/home/delink/.nvm/versions/node/v7.4.0/bin/node" "/home/delink/.nvm/versions/node/v7.4.0/bin/npm" "install"
105 error node v7.4.0
106 error npm  v4.0.5
107 error path /home/delink/Moringa/js/week1/GitApi/node_modules
108 error code EACCES
109 error errno -13
110 error syscall access
111 error Error: EACCES: permission denied, access '/home/delink/Moringa/js/week1/GitApi/node_modules'
111 error  { Error: EACCES: permission denied, access '/home/delink/Moringa/js/week1/GitApi/node_modules'
111 error   errno: -13,
111 error   code: 'EACCES',
111 error   syscall: 'access',
111 error   path: '/home/delink/Moringa/js/week1/GitApi/node_modules' }
112 error Please try running this command again as root/Administrator.
113 verbose exit [ -13, true ]
